<?xml version="1.0" encoding="UTF-8"?>
<testsuite name="merkletree.impl1.MerkleTreeTest" tests="5" skipped="0" failures="0" errors="0" timestamp="2018-08-28T06:19:22" hostname="SKMOSXPD50G8WNP" time="0.002">
  <properties/>
  <testcase name="testLeftLeaf" classname="merkletree.impl1.MerkleTreeTest" time="0.0"/>
  <testcase name="testLeftTree" classname="merkletree.impl1.MerkleTreeTest" time="0.0"/>
  <testcase name="testRightLeaf" classname="merkletree.impl1.MerkleTreeTest" time="0.0"/>
  <testcase name="testRightTree" classname="merkletree.impl1.MerkleTreeTest" time="0.0"/>
  <testcase name="testDigest" classname="merkletree.impl1.MerkleTreeTest" time="0.0"/>
  <system-out><![CDATA[]]></system-out>
  <system-err><![CDATA[]]></system-err>
</testsuite>
